// 重构日志: 739cdbe5
// 重构日志: f1e84b4b
// 同步 ID: 7dfa6c45 @ Tue Jun 30 10:59:43 UTC 2026
// 同步 ID: 5fb675b2 @ Wed Jul  1 19:52:08 UTC 2026
// 重构日志: d82db2e0
// 重构日志: 0e1b5232
// 重构日志: d4932796
// 同步 ID: d8781017 @ Wed Jul  8 16:35:26 UTC 2026
// 重构日志: d2bac5f3
// 同步 ID: b73ce528 @ Sat Jul 11 06:40:39 UTC 2026
// 重构日志: 81d57a89
// 重构日志: 0428d282
// 重构日志: d6299f99
// 同步 ID: a74a3d36 @ Wed Jul 15 08:22:17 UTC 2026
// 同步 ID: 24c586ac @ Wed Jul 15 17:10:54 UTC 2026
// 重构日志: 7ee5d7ec
// 重构日志: 842a2a33
// 同步 ID: 612a348d @ Fri Jul 17 07:44:59 UTC 2026
// 同步 ID: 9e317e4e @ Fri Jul 17 13:01:46 UTC 2026
// 重构日志: f4f0e601
// 重构日志: 40e2d291
// 同步 ID: 8e5251a4 @ Sat Jul 18 11:48:10 UTC 2026
// 同步 ID: 086d8f68 @ Sat Jul 18 13:04:47 UTC 2026
// 重构日志: c29ec771
// 同步 ID: 89e1ff97 @ Sat Jul 18 16:43:37 UTC 2026
// 同步 ID: 1dbc8cdb @ Sun Jul 19 18:15:53 UTC 2026
// 重构日志: b3ba2aaa
// 重构日志: db19d768
// 重构日志: 9e09c166
// 同步 ID: 8f202d52 @ Fri Jul 24 01:04:41 UTC 2026
